This file contains any messages produced by compilers while
running configure, to aid debugging if configure makes a mistake.

It was created by pfring.c configure 1.0, which was
generated by GNU Autoconf 2.65.  Invocation command line was

  $ ./configure 

## --------- ##
## Platform. ##
## --------- ##

hostname = myhost
uname -m = x86_64
uname -r = 3.3.1-1-ARCH
uname -s = Linux
uname -v = #1 SMP PREEMPT Tue Apr 3 06:46:17 UTC 2012

/usr/bin/uname -p = unknown
/bin/uname -X     = unknown

/bin/arch              = unknown
/usr/bin/arch -k       = unknown
/usr/convex/getsysinfo = unknown
/usr/bin/hostinfo      = unknown
/bin/machine           = unknown
/usr/bin/oslevel       = unknown
/bin/universe          = unknown

PATH: /usr/local/bin
PATH: /usr/bin
PATH: /bin
PATH: /usr/local/sbin
PATH: /usr/sbin
PATH: /sbin
PATH: /usr/share/java/apache-ant/bin
PATH: /opt/java/bin
PATH: /opt/java/db/bin
PATH: /opt/java/jre/bin
PATH: /usr/bin/vendor_perl
PATH: /usr/bin/core_perl


## ----------- ##
## Core tests. ##
## ----------- ##

configure:2061: checking for gcc
configure:2077: found /usr/bin/gcc
configure:2088: result: gcc
configure:2317: checking for C compiler version
configure:2326: gcc --version >&5
gcc (GCC) 4.7.0 20120407 (prerelease)
Copyright (C) 2012 Free Software Foundation, Inc.
This is free software; see the source for copying conditions.  There is NO
warranty; not even for MERCHANTABILITY or FITNESS FOR A PARTICULAR PURPOSE.

configure:2337: $? = 0
configure:2326: gcc -v >&5
Using built-in specs.
COLLECT_GCC=gcc
COLLECT_LTO_WRAPPER=/usr/lib/gcc/x86_64-unknown-linux-gnu/4.7.0/lto-wrapper
Target: x86_64-unknown-linux-gnu
Configured with: /build/src/gcc-4.7-20120407/configure --prefix=/usr --libdir=/usr/lib --libexecdir=/usr/lib --mandir=/usr/share/man --infodir=/usr/share/info --with-bugurl=https://bugs.archlinux.org/ --enable-languages=c,c++,ada,fortran,go,lto,objc,obj-c++ --enable-shared --enable-threads=posix --with-system-zlib --enable-__cxa_atexit --disable-libunwind-exceptions --enable-clocale=gnu --disable-libstdcxx-pch --enable-libstdcxx-time --enable-gnu-unique-object --enable-linker-build-id --with-ppl --enable-cloog-backend=isl --enable-lto --enable-gold --enable-ld=default --enable-plugin --with-plugin-ld=ld.gold --with-linker-hash-style=gnu --disable-multilib --disable-libssp --disable-build-with-cxx --disable-build-poststage1-with-cxx --enable-checking=release
Thread model: posix
gcc version 4.7.0 20120407 (prerelease) (GCC) 
configure:2337: $? = 0
configure:2326: gcc -V >&5
gcc: error: unrecognized command line option '-V'
gcc: fatal error: no input files
compilation terminated.
configure:2337: $? = 1
configure:2326: gcc -qversion >&5
gcc: error: unrecognized command line option '-qversion'
gcc: fatal error: no input files
compilation terminated.
configure:2337: $? = 1
configure:2357: checking whether the C compiler works
configure:2379: gcc    conftest.c  >&5
configure:2383: $? = 0
configure:2432: result: yes
configure:2435: checking for C compiler default output file name
configure:2437: result: a.out
configure:2443: checking for suffix of executables
configure:2450: gcc -o conftest    conftest.c  >&5
configure:2454: $? = 0
configure:2476: result: 
configure:2498: checking whether we are cross compiling
configure:2506: gcc -o conftest    conftest.c  >&5
configure:2510: $? = 0
configure:2517: ./conftest
configure:2521: $? = 0
configure:2536: result: no
configure:2541: checking for suffix of object files
configure:2563: gcc -c   conftest.c >&5
configure:2567: $? = 0
configure:2588: result: o
configure:2592: checking whether we are using the GNU C compiler
configure:2611: gcc -c   conftest.c >&5
configure:2611: $? = 0
configure:2620: result: yes
configure:2629: checking whether gcc accepts -g
configure:2649: gcc -c -g  conftest.c >&5
configure:2649: $? = 0
configure:2690: result: yes
configure:2707: checking for gcc option to accept ISO C89
configure:2771: gcc  -c -g -O2  conftest.c >&5
configure:2771: $? = 0
configure:2784: result: none needed
configure:2814: checking how to run the C preprocessor
configure:2845: gcc -E  conftest.c
configure:2845: $? = 0
configure:2859: gcc -E  conftest.c
conftest.c:9:28: fatal error: ac_nonexistent.h: No such file or directory
compilation terminated.
configure:2859: $? = 1
configure: failed program was:
| /* confdefs.h */
| #define PACKAGE_NAME "pfring.c"
| #define PACKAGE_TARNAME "pfring-c"
| #define PACKAGE_VERSION "1.0"
| #define PACKAGE_STRING "pfring.c 1.0"
| #define PACKAGE_BUGREPORT ""
| #define PACKAGE_URL ""
| /* end confdefs.h.  */
| #include <ac_nonexistent.h>
configure:2884: result: gcc -E
configure:2904: gcc -E  conftest.c
configure:2904: $? = 0
configure:2918: gcc -E  conftest.c
conftest.c:9:28: fatal error: ac_nonexistent.h: No such file or directory
compilation terminated.
configure:2918: $? = 1
configure: failed program was:
| /* confdefs.h */
| #define PACKAGE_NAME "pfring.c"
| #define PACKAGE_TARNAME "pfring-c"
| #define PACKAGE_VERSION "1.0"
| #define PACKAGE_STRING "pfring.c 1.0"
| #define PACKAGE_BUGREPORT ""
| #define PACKAGE_URL ""
| /* end confdefs.h.  */
| #include <ac_nonexistent.h>
configure:2947: checking for grep that handles long lines and -e
configure:3005: result: /usr/bin/grep
configure:3010: checking for egrep
configure:3072: result: /usr/bin/grep -E
configure:3077: checking for ANSI C header files
configure:3097: gcc -c -g -O2  conftest.c >&5
configure:3097: $? = 0
configure:3170: gcc -o conftest -g -O2   conftest.c  >&5
configure:3170: $? = 0
configure:3170: ./conftest
configure:3170: $? = 0
configure:3181: result: yes
configure:3194: checking for sys/types.h
configure:3194: gcc -c -g -O2  conftest.c >&5
configure:3194: $? = 0
configure:3194: result: yes
configure:3194: checking for sys/stat.h
configure:3194: gcc -c -g -O2  conftest.c >&5
configure:3194: $? = 0
configure:3194: result: yes
configure:3194: checking for stdlib.h
configure:3194: gcc -c -g -O2  conftest.c >&5
configure:3194: $? = 0
configure:3194: result: yes
configure:3194: checking for string.h
configure:3194: gcc -c -g -O2  conftest.c >&5
configure:3194: $? = 0
configure:3194: result: yes
configure:3194: checking for memory.h
configure:3194: gcc -c -g -O2  conftest.c >&5
configure:3194: $? = 0
configure:3194: result: yes
configure:3194: checking for strings.h
configure:3194: gcc -c -g -O2  conftest.c >&5
configure:3194: $? = 0
configure:3194: result: yes
configure:3194: checking for inttypes.h
configure:3194: gcc -c -g -O2  conftest.c >&5
configure:3194: $? = 0
configure:3194: result: yes
configure:3194: checking for stdint.h
configure:3194: gcc -c -g -O2  conftest.c >&5
configure:3194: $? = 0
configure:3194: result: yes
configure:3194: checking for unistd.h
configure:3194: gcc -c -g -O2  conftest.c >&5
configure:3194: $? = 0
configure:3194: result: yes
configure:3210: checking linux/net_tstamp.h usability
configure:3210: gcc -c -g -O2  conftest.c >&5
configure:3210: $? = 0
configure:3210: result: yes
configure:3210: checking linux/net_tstamp.h presence
configure:3210: gcc -E  conftest.c
configure:3210: $? = 0
configure:3210: result: yes
configure:3210: checking for linux/net_tstamp.h
configure:3210: result: yes
configure:3210: checking librdi.h usability
configure:3210: gcc -c -g -O2  conftest.c >&5
conftest.c:53:20: fatal error: librdi.h: No such file or directory
compilation terminated.
configure:3210: $? = 1
configure: failed program was:
| /* confdefs.h */
| #define PACKAGE_NAME "pfring.c"
| #define PACKAGE_TARNAME "pfring-c"
| #define PACKAGE_VERSION "1.0"
| #define PACKAGE_STRING "pfring.c 1.0"
| #define PACKAGE_BUGREPORT ""
| #define PACKAGE_URL ""
| #define STDC_HEADERS 1
| #define HAVE_SYS_TYPES_H 1
| #define HAVE_SYS_STAT_H 1
| #define HAVE_STDLIB_H 1
| #define HAVE_STRING_H 1
| #define HAVE_MEMORY_H 1
| #define HAVE_STRINGS_H 1
| #define HAVE_INTTYPES_H 1
| #define HAVE_STDINT_H 1
| #define HAVE_UNISTD_H 1
| #define HAVE_LINUX_NET_TSTAMP_H 1
| /* end confdefs.h.  */
| #include <stdio.h>
| #ifdef HAVE_SYS_TYPES_H
| # include <sys/types.h>
| #endif
| #ifdef HAVE_SYS_STAT_H
| # include <sys/stat.h>
| #endif
| #ifdef STDC_HEADERS
| # include <stdlib.h>
| # include <stddef.h>
| #else
| # ifdef HAVE_STDLIB_H
| #  include <stdlib.h>
| # endif
| #endif
| #ifdef HAVE_STRING_H
| # if !defined STDC_HEADERS && defined HAVE_MEMORY_H
| #  include <memory.h>
| # endif
| # include <string.h>
| #endif
| #ifdef HAVE_STRINGS_H
| # include <strings.h>
| #endif
| #ifdef HAVE_INTTYPES_H
| # include <inttypes.h>
| #endif
| #ifdef HAVE_STDINT_H
| # include <stdint.h>
| #endif
| #ifdef HAVE_UNISTD_H
| # include <unistd.h>
| #endif
| #include <librdi.h>
configure:3210: result: no
configure:3210: checking librdi.h presence
configure:3210: gcc -E  conftest.c
conftest.c:20:20: fatal error: librdi.h: No such file or directory
compilation terminated.
configure:3210: $? = 1
configure: failed program was:
| /* confdefs.h */
| #define PACKAGE_NAME "pfring.c"
| #define PACKAGE_TARNAME "pfring-c"
| #define PACKAGE_VERSION "1.0"
| #define PACKAGE_STRING "pfring.c 1.0"
| #define PACKAGE_BUGREPORT ""
| #define PACKAGE_URL ""
| #define STDC_HEADERS 1
| #define HAVE_SYS_TYPES_H 1
| #define HAVE_SYS_STAT_H 1
| #define HAVE_STDLIB_H 1
| #define HAVE_STRING_H 1
| #define HAVE_MEMORY_H 1
| #define HAVE_STRINGS_H 1
| #define HAVE_INTTYPES_H 1
| #define HAVE_STDINT_H 1
| #define HAVE_UNISTD_H 1
| #define HAVE_LINUX_NET_TSTAMP_H 1
| /* end confdefs.h.  */
| #include <librdi.h>
configure:3210: result: no
configure:3210: checking for librdi.h
configure:3210: result: no
configure:3231: checking Zero support
configure:3237: result: yes
configure:3245: checking DNA support
configure:3252: result: yes
configure:3260: checking Virtual support
configure:3266: result: yes
configure:3277: checking for librdi.h
configure:3277: result: no
configure:3348: checking for nl_handle_alloc in -lnl
configure:3373: gcc -o conftest    conftest.c -lnl   >&5
configure:3373: $? = 0
configure:3382: result: yes
configure:3389: checking for dag_get_stream_erf_types in -ldag
configure:3414: gcc -o conftest    conftest.c -ldag    >&5
/usr/bin/ld: cannot find -ldag
collect2: error: ld returned 1 exit status
configure:3414: $? = 1
configure: failed program was:
| /* confdefs.h */
| #define PACKAGE_NAME "pfring.c"
| #define PACKAGE_TARNAME "pfring-c"
| #define PACKAGE_VERSION "1.0"
| #define PACKAGE_STRING "pfring.c 1.0"
| #define PACKAGE_BUGREPORT ""
| #define PACKAGE_URL ""
| #define STDC_HEADERS 1
| #define HAVE_SYS_TYPES_H 1
| #define HAVE_SYS_STAT_H 1
| #define HAVE_STDLIB_H 1
| #define HAVE_STRING_H 1
| #define HAVE_MEMORY_H 1
| #define HAVE_STRINGS_H 1
| #define HAVE_INTTYPES_H 1
| #define HAVE_STDINT_H 1
| #define HAVE_UNISTD_H 1
| #define HAVE_LINUX_NET_TSTAMP_H 1
| /* end confdefs.h.  */
| 
| /* Override any GCC internal prototype to avoid an error.
|    Use char because int might match the return type of a GCC
|    builtin and then its argument prototype would still apply.  */
| #ifdef __cplusplus
| extern "C"
| #endif
| char dag_get_stream_erf_types ();
| int
| main ()
| {
| return dag_get_stream_erf_types ();
|   ;
|   return 0;
| }
configure:3423: result: no
configure:3618: creating ./config.status

## ---------------------- ##
## Running config.status. ##
## ---------------------- ##

This file was extended by pfring.c config.status 1.0, which was
generated by GNU Autoconf 2.65.  Invocation command line was

  CONFIG_FILES    = 
  CONFIG_HEADERS  = 
  CONFIG_LINKS    = 
  CONFIG_COMMANDS = 
  $ ./config.status 

on myhost

config.status:750: creating Makefile
config.status:750: creating ../examples/Makefile
config.status:750: creating ../c++/Makefile

## ---------------- ##
## Cache variables. ##
## ---------------- ##

ac_cv_c_compiler_gnu=yes
ac_cv_env_CC_set=
ac_cv_env_CC_value=
ac_cv_env_CFLAGS_set=
ac_cv_env_CFLAGS_value=
ac_cv_env_CPPFLAGS_set=
ac_cv_env_CPPFLAGS_value=
ac_cv_env_CPP_set=
ac_cv_env_CPP_value=
ac_cv_env_LDFLAGS_set=
ac_cv_env_LDFLAGS_value=
ac_cv_env_LIBS_set=
ac_cv_env_LIBS_value=
ac_cv_env_build_alias_set=
ac_cv_env_build_alias_value=
ac_cv_env_host_alias_set=
ac_cv_env_host_alias_value=
ac_cv_env_target_alias_set=
ac_cv_env_target_alias_value=
ac_cv_header_inttypes_h=yes
ac_cv_header_librdi_h=no
ac_cv_header_linux_net_tstamp_h=yes
ac_cv_header_memory_h=yes
ac_cv_header_stdc=yes
ac_cv_header_stdint_h=yes
ac_cv_header_stdlib_h=yes
ac_cv_header_string_h=yes
ac_cv_header_strings_h=yes
ac_cv_header_sys_stat_h=yes
ac_cv_header_sys_types_h=yes
ac_cv_header_unistd_h=yes
ac_cv_lib_dag_dag_get_stream_erf_types=no
ac_cv_lib_nl_nl_handle_alloc=yes
ac_cv_objext=o
ac_cv_path_EGREP='/usr/bin/grep -E'
ac_cv_path_GREP=/usr/bin/grep
ac_cv_prog_CPP='gcc -E'
ac_cv_prog_ac_ct_CC=gcc
ac_cv_prog_cc_c89=
ac_cv_prog_cc_g=yes

## ----------------- ##
## Output variables. ##
## ----------------- ##

BPF_INCLUDE='-I../libpcap'
BPF_LIB='-L../libpcap -lpcap'
CC='gcc'
CFLAGS='-D ENABLE_HW_TIMESTAMP '
CPP='gcc -E'
CPPFLAGS=''
DAG_LIB=''
DAG_OBJS=''
DEFS='-DPACKAGE_NAME=\"pfring.c\" -DPACKAGE_TARNAME=\"pfring-c\" -DPACKAGE_VERSION=\"1.0\" -DPACKAGE_STRING=\"pfring.c\ 1.0\" -DPACKAGE_BUGREPORT=\"\" -DPACKAGE_URL=\"\" -DSTDC_HEADERS=1 -DHAVE_SYS_TYPES_H=1 -DHAVE_SYS_STAT_H=1 -DHAVE_STDLIB_H=1 -DHAVE_STRING_H=1 -DHAVE_MEMORY_H=1 -DHAVE_STRINGS_H=1 -DHAVE_INTTYPES_H=1 -DHAVE_STDINT_H=1 -DHAVE_UNISTD_H=1 -DHAVE_LINUX_NET_TSTAMP_H=1'
DNA_DEP='extract_dna_lib'
DNA_LIB='libs/libpfring_dna_x86_64.a'
DNA_OBJS='pfring_mod_dna.o pfring_dna.o pfring_e1000e_dna.o pfring_ixgbe_dna.o pfring_igb_dna.o pfring_dna_v2.o '
ECHO_C=''
ECHO_N='-n'
ECHO_T=''
EGREP='/usr/bin/grep -E'
EXEEXT=''
GREP='/usr/bin/grep'
HAVE_BPF='-D ENABLE_BPF'
HAVE_DAG=''
HAVE_DNA='-D HAVE_DNA'
HAVE_REDIRECTOR=''
HAVE_VIRTUAL='-D HAVE_VIRTUAL'
HAVE_ZERO='-D HAVE_ZERO'
INSTALL_PREFIX='/usr/local'
LDFLAGS=''
LIBOBJS=''
LIBS=''
LTLIBOBJS=''
OBJEXT='o'
PACKAGE_BUGREPORT=''
PACKAGE_NAME='pfring.c'
PACKAGE_STRING='pfring.c 1.0'
PACKAGE_TARNAME='pfring-c'
PACKAGE_URL=''
PACKAGE_VERSION='1.0'
PATH_SEPARATOR=':'
SHELL='/bin/sh'
SILICOM_LIBS=''
SYSLIBS=' -lnl'
VIRTUAL_DEP='extract_virtual_lib'
VIRTUAL_LIB='libs/libpfring_mod_virtual_x86_64.a'
VIRTUAL_OBJS='pfring_mod_virtual.o '
ZERO_DEP='extract_zero_lib'
ZERO_LIB='libs/libpfring_zero_x86_64.a'
ZERO_OBJS='pfring_dna_bounce.o pfring_dna_cluster.o pfring_libzero.o '
ac_ct_CC='gcc'
bindir='${exec_prefix}/bin'
build_alias=''
datadir='${datarootdir}'
datarootdir='${prefix}/share'
docdir='${datarootdir}/doc/${PACKAGE_TARNAME}'
dvidir='${docdir}'
exec_prefix='${prefix}'
host_alias=''
htmldir='${docdir}'
includedir='${prefix}/include'
infodir='${datarootdir}/info'
libdir='${exec_prefix}/lib'
libexecdir='${exec_prefix}/libexec'
localedir='${datarootdir}/locale'
localstatedir='${prefix}/var'
mandir='${datarootdir}/man'
oldincludedir='/usr/include'
pdfdir='${docdir}'
prefix='/usr/local'
program_transform_name='s,x,x,'
psdir='${docdir}'
sbindir='${exec_prefix}/sbin'
sharedstatedir='${prefix}/com'
sysconfdir='${prefix}/etc'
target_alias=''

## ----------- ##
## confdefs.h. ##
## ----------- ##

/* confdefs.h */
#define PACKAGE_NAME "pfring.c"
#define PACKAGE_TARNAME "pfring-c"
#define PACKAGE_VERSION "1.0"
#define PACKAGE_STRING "pfring.c 1.0"
#define PACKAGE_BUGREPORT ""
#define PACKAGE_URL ""
#define STDC_HEADERS 1
#define HAVE_SYS_TYPES_H 1
#define HAVE_SYS_STAT_H 1
#define HAVE_STDLIB_H 1
#define HAVE_STRING_H 1
#define HAVE_MEMORY_H 1
#define HAVE_STRINGS_H 1
#define HAVE_INTTYPES_H 1
#define HAVE_STDINT_H 1
#define HAVE_UNISTD_H 1
#define HAVE_LINUX_NET_TSTAMP_H 1

configure: exit 0
